2021-12-12 01:31:57.394  INFO 2772 --- [main] t.e.spring.SpringBootAppApplication      : Starting SpringBootAppApplication using Java 1.8.0_281 on DESKTOP-TRFFFGO with PID 2772 (C:\Users\saifh\OneDrive\Desktop\SpringBackEndProject-main\SpringBackEndProject-main\target\classes started by saifh in C:\Users\saifh\OneDrive\Desktop\SpringBackEndProject-main\SpringBackEndProject-main)
2021-12-12 01:31:57.398  INFO 2772 --- [main] t.e.spring.SpringBootAppApplication      : No active profile set, falling back to default profiles: default
2021-12-12 01:31:57.904  INFO 2772 --- [main] .s.d.r.c.RepositoryConfigurationDelegate : Bootstrapping Spring Data JPA repositories in DEFAULT mode.
2021-12-12 01:31:57.958  INFO 2772 --- [main] .s.d.r.c.RepositoryConfigurationDelegate : Finished Spring Data repository scanning in 48 ms. Found 8 JPA repository interfaces.
2021-12-12 01:31:58.290  INFO 2772 --- [main] o.s.b.w.embedded.tomcat.TomcatWebServer  : Tomcat initialized with port(s): 8084 (http)
2021-12-12 01:31:58.297  INFO 2772 --- [main] o.apache.catalina.core.StandardService   : Starting service [Tomcat]
2021-12-12 01:31:58.297  INFO 2772 --- [main] org.apache.catalina.core.StandardEngine  : Starting Servlet engine: [Apache Tomcat/9.0.55]
2021-12-12 01:31:58.360  INFO 2772 --- [main] o.a.c.c.C.[.[localhost].[/SpringMVC]     : Initializing Spring embedded WebApplicationContext
2021-12-12 01:31:58.361  INFO 2772 --- [main] w.s.c.ServletWebServerApplicationContext : Root WebApplicationContext: initialization completed in 932 ms
2021-12-12 01:31:58.479  INFO 2772 --- [main] o.hibernate.jpa.internal.util.LogHelper  : HHH000204: Processing PersistenceUnitInfo [name: default]
2021-12-12 01:31:58.513  INFO 2772 --- [main] org.hibernate.Version                    : HHH000412: Hibernate ORM core version 5.4.32.Final
2021-12-12 01:31:58.639  INFO 2772 --- [main] o.hibernate.annotations.common.Version   : HCANN000001: Hibernate Commons Annotations {5.1.2.Final}
2021-12-12 01:31:58.706  INFO 2772 --- [main] com.zaxxer.hikari.HikariDataSource       : HikariPool-1 - Starting...
2021-12-12 01:31:58.811  INFO 2772 --- [main] com.zaxxer.hikari.HikariDataSource       : HikariPool-1 - Start completed.
2021-12-12 01:31:58.821  INFO 2772 --- [main] org.hibernate.dialect.Dialect            : HHH000400: Using dialect: org.hibernate.dialect.MySQL5Dialect
2021-12-12 01:31:59.436  INFO 2772 --- [main] o.h.e.t.j.p.i.JtaPlatformInitiator       : HHH000490: Using JtaPlatform implementation: [org.hibernate.engine.transaction.jta.platform.internal.NoJtaPlatform]
2021-12-12 01:31:59.442  INFO 2772 --- [main] j.LocalContainerEntityManagerFactoryBean : Initialized JPA EntityManagerFactory for persistence unit 'default'
2021-12-12 01:31:59.964  WARN 2772 --- [main] JpaBaseConfiguration$JpaWebConfiguration : spring.jpa.open-in-view is enabled by default. Therefore, database queries may be performed during view rendering. Explicitly configure spring.jpa.open-in-view to disable this warning
2021-12-12 01:32:00.173  INFO 2772 --- [main] pertySourcedRequestMappingHandlerMapping : Mapped URL path [/v2/api-docs] onto method [springfox.documentation.swagger2.web.Swagger2Controller#getDocumentation(String, HttpServletRequest)]
2021-12-12 01:32:00.347  INFO 2772 --- [main] o.s.b.w.embedded.tomcat.TomcatWebServer  : Tomcat started on port(s): 8084 (http) with context path '/SpringMVC'
2021-12-12 01:32:00.348  INFO 2772 --- [main] d.s.w.p.DocumentationPluginsBootstrapper : Context refreshed
2021-12-12 01:32:00.364  INFO 2772 --- [main] d.s.w.p.DocumentationPluginsBootstrapper : Found 1 custom documentation plugin(s)
2021-12-12 01:32:00.383  INFO 2772 --- [main] s.d.s.w.s.ApiListingReferenceScanner     : Scanning for api listing references
2021-12-12 01:32:00.484  INFO 2772 --- [main] .d.s.w.r.o.CachingOperationNameGenerator : Generating unique operation named: modifyClientUsingPUT_1
2021-12-12 01:32:00.487  INFO 2772 --- [main] .d.s.w.r.o.CachingOperationNameGenerator : Generating unique operation named: retrieveDetailFactureUsingGET_1
2021-12-12 01:32:00.514  INFO 2772 --- [main] .d.s.w.r.o.CachingOperationNameGenerator : Generating unique operation named: createProduitUsingPOST_1
2021-12-12 01:32:00.526  INFO 2772 --- [main] .d.s.w.r.o.CachingOperationNameGenerator : Generating unique operation named: retrieveStockUsingGET_1
2021-12-12 01:32:00.541  INFO 2772 --- [main] t.e.spring.SpringBootAppApplication      : Started SpringBootAppApplication in 3.4 seconds (JVM running for 3.851)
2021-12-12 01:32:10.250  INFO 2772 --- [http-nio-8084-exec-2] o.a.c.c.C.[.[localhost].[/SpringMVC]     : Initializing Spring DispatcherServlet 'dispatcherServlet'
2021-12-12 01:32:10.250  INFO 2772 --- [http-nio-8084-exec-2] o.s.web.servlet.DispatcherServlet        : Initializing Servlet 'dispatcherServlet'
2021-12-12 01:32:10.251  INFO 2772 --- [http-nio-8084-exec-2] o.s.web.servlet.DispatcherServlet        : Completed initialization in 1 ms
2021-12-12 01:33:39.291  INFO 2772 --- [RMI TCP Connection(5)-127.0.0.1] inMXBeanRegistrar$SpringApplicationAdmin : Application shutdown requested.
2021-12-12 01:33:39.399  INFO 2772 --- [RMI TCP Connection(5)-127.0.0.1] j.LocalContainerEntityManagerFactoryBean : Closing JPA EntityManagerFactory for persistence unit 'default'
2021-12-12 01:33:39.400  INFO 2772 --- [RMI TCP Connection(5)-127.0.0.1] com.zaxxer.hikari.HikariDataSource       : HikariPool-1 - Shutdown initiated...
2021-12-12 01:33:39.405  INFO 2772 --- [RMI TCP Connection(5)-127.0.0.1] com.zaxxer.hikari.HikariDataSource       : HikariPool-1 - Shutdown completed.
2021-12-12 21:05:38.849  INFO 19052 --- [main] t.e.spring.SpringBootAppApplication      : Starting SpringBootAppApplication using Java 1.8.0_281 on DESKTOP-TRFFFGO with PID 19052 (C:\Users\saifh\OneDrive\Desktop\SpringBackEndProject-main\SpringBackEndProject-main\target\classes started by saifh in C:\Users\saifh\OneDrive\Desktop\SpringBackEndProject-main\SpringBackEndProject-main)
2021-12-12 21:05:38.851  INFO 19052 --- [main] t.e.spring.SpringBootAppApplication      : No active profile set, falling back to default profiles: default
2021-12-12 21:05:39.364  INFO 19052 --- [main] .s.d.r.c.RepositoryConfigurationDelegate : Bootstrapping Spring Data JPA repositories in DEFAULT mode.
2021-12-12 21:05:39.423  INFO 19052 --- [main] .s.d.r.c.RepositoryConfigurationDelegate : Finished Spring Data repository scanning in 53 ms. Found 8 JPA repository interfaces.
2021-12-12 21:05:39.743  INFO 19052 --- [main] o.s.b.w.embedded.tomcat.TomcatWebServer  : Tomcat initialized with port(s): 8084 (http)
2021-12-12 21:05:39.750  INFO 19052 --- [main] o.apache.catalina.core.StandardService   : Starting service [Tomcat]
2021-12-12 21:05:39.750  INFO 19052 --- [main] org.apache.catalina.core.StandardEngine  : Starting Servlet engine: [Apache Tomcat/9.0.55]
2021-12-12 21:05:39.813  INFO 19052 --- [main] o.a.c.c.C.[.[localhost].[/SpringMVC]     : Initializing Spring embedded WebApplicationContext
2021-12-12 21:05:39.814  INFO 19052 --- [main] w.s.c.ServletWebServerApplicationContext : Root WebApplicationContext: initialization completed in 935 ms
2021-12-12 21:05:39.931  INFO 19052 --- [main] o.hibernate.jpa.internal.util.LogHelper  : HHH000204: Processing PersistenceUnitInfo [name: default]
2021-12-12 21:05:39.964  INFO 19052 --- [main] org.hibernate.Version                    : HHH000412: Hibernate ORM core version 5.4.32.Final
2021-12-12 21:05:40.087  INFO 19052 --- [main] o.hibernate.annotations.common.Version   : HCANN000001: Hibernate Commons Annotations {5.1.2.Final}
2021-12-12 21:05:40.155  INFO 19052 --- [main] com.zaxxer.hikari.HikariDataSource       : HikariPool-1 - Starting...
2021-12-12 21:05:40.256  INFO 19052 --- [main] com.zaxxer.hikari.HikariDataSource       : HikariPool-1 - Start completed.
2021-12-12 21:05:40.267  INFO 19052 --- [main] org.hibernate.dialect.Dialect            : HHH000400: Using dialect: org.hibernate.dialect.MySQL5Dialect
2021-12-12 21:05:40.880  INFO 19052 --- [main] o.h.e.t.j.p.i.JtaPlatformInitiator       : HHH000490: Using JtaPlatform implementation: [org.hibernate.engine.transaction.jta.platform.internal.NoJtaPlatform]
2021-12-12 21:05:40.887  INFO 19052 --- [main] j.LocalContainerEntityManagerFactoryBean : Initialized JPA EntityManagerFactory for persistence unit 'default'
2021-12-12 21:05:41.431  WARN 19052 --- [main] JpaBaseConfiguration$JpaWebConfiguration : spring.jpa.open-in-view is enabled by default. Therefore, database queries may be performed during view rendering. Explicitly configure spring.jpa.open-in-view to disable this warning
2021-12-12 21:05:41.528  INFO 19052 --- [main] pertySourcedRequestMappingHandlerMapping : Mapped URL path [/v2/api-docs] onto method [springfox.documentation.swagger2.web.Swagger2Controller#getDocumentation(String, HttpServletRequest)]
2021-12-12 21:05:41.813  INFO 19052 --- [main] o.s.b.w.embedded.tomcat.TomcatWebServer  : Tomcat started on port(s): 8084 (http) with context path '/SpringMVC'
2021-12-12 21:05:41.813  INFO 19052 --- [main] d.s.w.p.DocumentationPluginsBootstrapper : Context refreshed
2021-12-12 21:05:41.834  INFO 19052 --- [main] d.s.w.p.DocumentationPluginsBootstrapper : Found 1 custom documentation plugin(s)
2021-12-12 21:05:41.853  INFO 19052 --- [main] s.d.s.w.s.ApiListingReferenceScanner     : Scanning for api listing references
2021-12-12 21:05:41.967  INFO 19052 --- [main] .d.s.w.r.o.CachingOperationNameGenerator : Generating unique operation named: modifyClientUsingPUT_1
2021-12-12 21:05:41.970  INFO 19052 --- [main] .d.s.w.r.o.CachingOperationNameGenerator : Generating unique operation named: retrieveDetailFactureUsingGET_1
2021-12-12 21:05:41.997  INFO 19052 --- [main] .d.s.w.r.o.CachingOperationNameGenerator : Generating unique operation named: createProduitUsingPOST_1
2021-12-12 21:05:42.010  INFO 19052 --- [main] .d.s.w.r.o.CachingOperationNameGenerator : Generating unique operation named: retrieveStockUsingGET_1
2021-12-12 21:05:42.025  INFO 19052 --- [main] t.e.spring.SpringBootAppApplication      : Started SpringBootAppApplication in 3.432 seconds (JVM running for 3.879)
2021-12-12 21:05:52.298  INFO 19052 --- [RMI TCP Connection(2)-127.0.0.1] inMXBeanRegistrar$SpringApplicationAdmin : Application shutdown requested.
2021-12-12 21:05:52.418  INFO 19052 --- [RMI TCP Connection(2)-127.0.0.1] j.LocalContainerEntityManagerFactoryBean : Closing JPA EntityManagerFactory for persistence unit 'default'
2021-12-12 21:05:52.420  INFO 19052 --- [RMI TCP Connection(2)-127.0.0.1] com.zaxxer.hikari.HikariDataSource       : HikariPool-1 - Shutdown initiated...
2021-12-12 21:05:52.424  INFO 19052 --- [RMI TCP Connection(2)-127.0.0.1] com.zaxxer.hikari.HikariDataSource       : HikariPool-1 - Shutdown completed.
2021-12-12 21:06:36.981  INFO 16852 --- [restartedMain] t.e.spring.SpringBootAppApplication      : Starting SpringBootAppApplication using Java 1.8.0_281 on DESKTOP-TRFFFGO with PID 16852 (C:\Users\saifh\OneDrive\Desktop\SpringBackEndProject-main\SpringBackEndProject-main\target\classes started by saifh in C:\Users\saifh\OneDrive\Desktop\SpringBackEndProject-main\SpringBackEndProject-main)
2021-12-12 21:06:36.982  INFO 16852 --- [restartedMain] t.e.spring.SpringBootAppApplication      : No active profile set, falling back to default profiles: default
2021-12-12 21:06:37.015  INFO 16852 --- [restartedMain] .e.DevToolsPropertyDefaultsPostProcessor : Devtools property defaults active! Set 'spring.devtools.add-properties' to 'false' to disable
2021-12-12 21:06:37.015  INFO 16852 --- [restartedMain] .e.DevToolsPropertyDefaultsPostProcessor : For additional web related logging consider setting the 'logging.level.web' property to 'DEBUG'
2021-12-12 21:06:37.529  INFO 16852 --- [restartedMain] .s.d.r.c.RepositoryConfigurationDelegate : Bootstrapping Spring Data JPA repositories in DEFAULT mode.
2021-12-12 21:06:37.583  INFO 16852 --- [restartedMain] .s.d.r.c.RepositoryConfigurationDelegate : Finished Spring Data repository scanning in 47 ms. Found 8 JPA repository interfaces.
2021-12-12 21:06:37.951  INFO 16852 --- [restartedMain] o.s.b.w.embedded.tomcat.TomcatWebServer  : Tomcat initialized with port(s): 8084 (http)
2021-12-12 21:06:37.958  INFO 16852 --- [restartedMain] o.apache.catalina.core.StandardService   : Starting service [Tomcat]
2021-12-12 21:06:37.958  INFO 16852 --- [restartedMain] org.apache.catalina.core.StandardEngine  : Starting Servlet engine: [Apache Tomcat/9.0.55]
2021-12-12 21:06:38.019  INFO 16852 --- [restartedMain] o.a.c.c.C.[.[localhost].[/SpringMVC]     : Initializing Spring embedded WebApplicationContext
2021-12-12 21:06:38.019  INFO 16852 --- [restartedMain] w.s.c.ServletWebServerApplicationContext : Root WebApplicationContext: initialization completed in 1003 ms
2021-12-12 21:06:38.141  INFO 16852 --- [restartedMain] o.hibernate.jpa.internal.util.LogHelper  : HHH000204: Processing PersistenceUnitInfo [name: default]
2021-12-12 21:06:38.202  INFO 16852 --- [restartedMain] org.hibernate.Version                    : HHH000412: Hibernate ORM core version 5.4.32.Final
2021-12-12 21:06:38.298  INFO 16852 --- [restartedMain] o.hibernate.annotations.common.Version   : HCANN000001: Hibernate Commons Annotations {5.1.2.Final}
2021-12-12 21:06:38.365  INFO 16852 --- [restartedMain] com.zaxxer.hikari.HikariDataSource       : HikariPool-1 - Starting...
2021-12-12 21:06:38.470  INFO 16852 --- [restartedMain] com.zaxxer.hikari.HikariDataSource       : HikariPool-1 - Start completed.
2021-12-12 21:06:38.481  INFO 16852 --- [restartedMain] org.hibernate.dialect.Dialect            : HHH000400: Using dialect: org.hibernate.dialect.MySQL5Dialect
2021-12-12 21:06:39.081  INFO 16852 --- [restartedMain] o.h.e.t.j.p.i.JtaPlatformInitiator       : HHH000490: Using JtaPlatform implementation: [org.hibernate.engine.transaction.jta.platform.internal.NoJtaPlatform]
2021-12-12 21:06:39.087  INFO 16852 --- [restartedMain] j.LocalContainerEntityManagerFactoryBean : Initialized JPA EntityManagerFactory for persistence unit 'default'
2021-12-12 21:06:39.629  WARN 16852 --- [restartedMain] JpaBaseConfiguration$JpaWebConfiguration : spring.jpa.open-in-view is enabled by default. Therefore, database queries may be performed during view rendering. Explicitly configure spring.jpa.open-in-view to disable this warning
2021-12-12 21:06:39.832  INFO 16852 --- [restartedMain] pertySourcedRequestMappingHandlerMapping : Mapped URL path [/v2/api-docs] onto method [springfox.documentation.swagger2.web.Swagger2Controller#getDocumentation(String, HttpServletRequest)]
2021-12-12 21:06:39.913  INFO 16852 --- [restartedMain] o.s.b.d.a.OptionalLiveReloadServer       : LiveReload server is running on port 35729
2021-12-12 21:06:40.030  INFO 16852 --- [restartedMain] o.s.b.w.embedded.tomcat.TomcatWebServer  : Tomcat started on port(s): 8084 (http) with context path '/SpringMVC'
2021-12-12 21:06:40.030  INFO 16852 --- [restartedMain] d.s.w.p.DocumentationPluginsBootstrapper : Context refreshed
2021-12-12 21:06:40.048  INFO 16852 --- [restartedMain] d.s.w.p.DocumentationPluginsBootstrapper : Found 1 custom documentation plugin(s)
2021-12-12 21:06:40.067  INFO 16852 --- [restartedMain] s.d.s.w.s.ApiListingReferenceScanner     : Scanning for api listing references
2021-12-12 21:06:40.171  INFO 16852 --- [restartedMain] .d.s.w.r.o.CachingOperationNameGenerator : Generating unique operation named: modifyClientUsingPUT_1
2021-12-12 21:06:40.175  INFO 16852 --- [restartedMain] .d.s.w.r.o.CachingOperationNameGenerator : Generating unique operation named: retrieveDetailFactureUsingGET_1
2021-12-12 21:06:40.202  INFO 16852 --- [restartedMain] .d.s.w.r.o.CachingOperationNameGenerator : Generating unique operation named: createProduitUsingPOST_1
2021-12-12 21:06:40.213  INFO 16852 --- [restartedMain] .d.s.w.r.o.CachingOperationNameGenerator : Generating unique operation named: retrieveStockUsingGET_1
2021-12-12 21:06:40.228  INFO 16852 --- [restartedMain] t.e.spring.SpringBootAppApplication      : Started SpringBootAppApplication in 3.498 seconds (JVM running for 4.043)
2021-12-12 21:06:55.878  INFO 16852 --- [Thread-6] j.LocalContainerEntityManagerFactoryBean : Closing JPA EntityManagerFactory for persistence unit 'default'
2021-12-12 21:06:55.881  INFO 16852 --- [Thread-6] com.zaxxer.hikari.HikariDataSource       : HikariPool-1 - Shutdown initiated...
2021-12-12 21:06:55.885  INFO 16852 --- [Thread-6] com.zaxxer.hikari.HikariDataSource       : HikariPool-1 - Shutdown completed.
2021-12-12 21:06:56.014  INFO 16852 --- [restartedMain] t.e.spring.SpringBootAppApplication      : Starting SpringBootAppApplication using Java 1.8.0_281 on DESKTOP-TRFFFGO with PID 16852 (C:\Users\saifh\OneDrive\Desktop\SpringBackEndProject-main\SpringBackEndProject-main\target\classes started by saifh in C:\Users\saifh\OneDrive\Desktop\SpringBackEndProject-main\SpringBackEndProject-main)
2021-12-12 21:06:56.014  INFO 16852 --- [restartedMain] t.e.spring.SpringBootAppApplication      : No active profile set, falling back to default profiles: default
2021-12-12 21:06:56.185  INFO 16852 --- [restartedMain] .s.d.r.c.RepositoryConfigurationDelegate : Bootstrapping Spring Data JPA repositories in DEFAULT mode.
2021-12-12 21:06:56.206  INFO 16852 --- [restartedMain] .s.d.r.c.RepositoryConfigurationDelegate : Finished Spring Data repository scanning in 20 ms. Found 8 JPA repository interfaces.
2021-12-12 21:06:56.266  INFO 16852 --- [restartedMain] o.s.b.w.embedded.tomcat.TomcatWebServer  : Tomcat initialized with port(s): 8075 (http)
2021-12-12 21:06:56.267  INFO 16852 --- [restartedMain] o.apache.catalina.core.StandardService   : Starting service [Tomcat]
2021-12-12 21:06:56.267  INFO 16852 --- [restartedMain] org.apache.catalina.core.StandardEngine  : Starting Servlet engine: [Apache Tomcat/9.0.55]
2021-12-12 21:06:56.275  INFO 16852 --- [restartedMain] o.a.c.c.C.[.[localhost].[/SpringMVC]     : Initializing Spring embedded WebApplicationContext
2021-12-12 21:06:56.275  INFO 16852 --- [restartedMain] w.s.c.ServletWebServerApplicationContext : Root WebApplicationContext: initialization completed in 258 ms
2021-12-12 21:06:56.300  INFO 16852 --- [restartedMain] o.hibernate.jpa.internal.util.LogHelper  : HHH000204: Processing PersistenceUnitInfo [name: default]
2021-12-12 21:06:56.303  INFO 16852 --- [restartedMain] com.zaxxer.hikari.HikariDataSource       : HikariPool-2 - Starting...
2021-12-12 21:06:56.306  INFO 16852 --- [restartedMain] com.zaxxer.hikari.HikariDataSource       : HikariPool-2 - Start completed.
2021-12-12 21:06:56.307  INFO 16852 --- [restartedMain] org.hibernate.dialect.Dialect            : HHH000400: Using dialect: org.hibernate.dialect.MySQL5Dialect
2021-12-12 21:06:56.477  INFO 16852 --- [restartedMain] o.h.e.t.j.p.i.JtaPlatformInitiator       : HHH000490: Using JtaPlatform implementation: [org.hibernate.engine.transaction.jta.platform.internal.NoJtaPlatform]
2021-12-12 21:06:56.477  INFO 16852 --- [restartedMain] j.LocalContainerEntityManagerFactoryBean : Initialized JPA EntityManagerFactory for persistence unit 'default'
2021-12-12 21:06:56.645  WARN 16852 --- [restartedMain] JpaBaseConfiguration$JpaWebConfiguration : spring.jpa.open-in-view is enabled by default. Therefore, database queries may be performed during view rendering. Explicitly configure spring.jpa.open-in-view to disable this warning
2021-12-12 21:06:56.671  INFO 16852 --- [restartedMain] pertySourcedRequestMappingHandlerMapping : Mapped URL path [/v2/api-docs] onto method [springfox.documentation.swagger2.web.Swagger2Controller#getDocumentation(String, HttpServletRequest)]
2021-12-12 21:06:56.695  INFO 16852 --- [restartedMain] o.s.b.d.a.OptionalLiveReloadServer       : LiveReload server is running on port 35729
2021-12-12 21:06:56.733  INFO 16852 --- [restartedMain] o.s.b.w.embedded.tomcat.TomcatWebServer  : Tomcat started on port(s): 8075 (http) with context path '/SpringMVC'
2021-12-12 21:06:56.733  INFO 16852 --- [restartedMain] d.s.w.p.DocumentationPluginsBootstrapper : Context refreshed
2021-12-12 21:06:56.734  INFO 16852 --- [restartedMain] d.s.w.p.DocumentationPluginsBootstrapper : Found 1 custom documentation plugin(s)
2021-12-12 21:06:56.737  INFO 16852 --- [restartedMain] s.d.s.w.s.ApiListingReferenceScanner     : Scanning for api listing references
2021-12-12 21:06:56.761  INFO 16852 --- [restartedMain] .d.s.w.r.o.CachingOperationNameGenerator : Generating unique operation named: modifyClientUsingPUT_1
2021-12-12 21:06:56.762  INFO 16852 --- [restartedMain] .d.s.w.r.o.CachingOperationNameGenerator : Generating unique operation named: retrieveDetailFactureUsingGET_1
2021-12-12 21:06:56.784  INFO 16852 --- [restartedMain] .d.s.w.r.o.CachingOperationNameGenerator : Generating unique operation named: createProduitUsingPOST_1
2021-12-12 21:06:56.795  INFO 16852 --- [restartedMain] .d.s.w.r.o.CachingOperationNameGenerator : Generating unique operation named: retrieveStockUsingGET_1
2021-12-12 21:06:56.800  INFO 16852 --- [restartedMain] t.e.spring.SpringBootAppApplication      : Started SpringBootAppApplication in 0.804 seconds (JVM running for 20.613)
2021-12-12 21:06:56.801  INFO 16852 --- [restartedMain] .ConditionEvaluationDeltaLoggingListener : Condition evaluation unchanged
2021-12-12 21:07:14.621  INFO 16852 --- [http-nio-8075-exec-1] o.a.c.c.C.[.[localhost].[/SpringMVC]     : Initializing Spring DispatcherServlet 'dispatcherServlet'
2021-12-12 21:07:14.621  INFO 16852 --- [http-nio-8075-exec-1] o.s.web.servlet.DispatcherServlet        : Initializing Servlet 'dispatcherServlet'
2021-12-12 21:07:14.622  INFO 16852 --- [http-nio-8075-exec-1] o.s.web.servlet.DispatcherServlet        : Completed initialization in 1 ms
2021-12-12 21:09:04.233  INFO 16852 --- [RMI TCP Connection(6)-127.0.0.1] inMXBeanRegistrar$SpringApplicationAdmin : Application shutdown requested.
2021-12-12 21:09:04.341  INFO 16852 --- [RMI TCP Connection(6)-127.0.0.1] j.LocalContainerEntityManagerFactoryBean : Closing JPA EntityManagerFactory for persistence unit 'default'
2021-12-12 21:09:04.341  INFO 16852 --- [RMI TCP Connection(6)-127.0.0.1] com.zaxxer.hikari.HikariDataSource       : HikariPool-2 - Shutdown initiated...
2021-12-12 21:09:04.343  INFO 16852 --- [RMI TCP Connection(6)-127.0.0.1] com.zaxxer.hikari.HikariDataSource       : HikariPool-2 - Shutdown completed.
